<?xml version="1.0" encoding="UTF-8"?>
<testsuite xmlns:xsi="http://www.w3.org/2001/XMLSchema-instance" xsi:noNamespaceSchemaLocation="https://maven.apache.org/surefire/maven-surefire-plugin/xsd/surefire-test-report-3.0.xsd" version="3.0" name="com.example.pastereal.PasteRealApplicationTests" time="8.196" tests="1" errors="0" skipped="0" failures="0">
  <properties>
[...]
</properties>
  <testcase name="contextLoads" classname="com.example.pastereal.PasteRealApplicationTests" time="0.721">
    <system-out><![CDATA[15:12:51.147 [main] INFO org.springframework.test.context.support.AnnotationConfigContextLoaderUtils -- Could not detect default configuration classes for test class [com.example.pastereal.PasteRealApplicationTests]: PasteRealApplicationTests does not declare any static, non-private, non-final, nested classes annotated with @Configuration.
15:12:51.299 [main] INFO org.springframework.boot.test.context.SpringBootTestContextBootstrapper -- Found @SpringBootConfiguration com.example.pastereal.PasteRealApplication for test class com.example.pastereal.PasteRealApplicationTests

  .   ____          _            __ _ _
 /\\ / ___'_ __ _ _(_)_ __  __ _ \ \ \ \
( ( )\___ | '_ | '_| | '_ \/ _` | \ \ \ \
 \\/  ___)| |_)| | | | | || (_| |  ) ) ) )
  '  |____| .__|_| |_|_| |_\__, | / / / /
 =========|_|==============|___/=/_/_/_/
 :: Spring Boot ::               (v3.1.11)

2024-05-01T15:12:52.079-06:00  INFO 19952 --- [           main] c.e.pastereal.PasteRealApplicationTests  : Starting PasteRealApplicationTests using Java 17.0.10 with PID 19952 (started by crazm in C:\Users\crazm\Downloads\paste-real\paste-real)
2024-05-01T15:12:52.083-06:00  INFO 19952 --- [           main] c.e.pastereal.PasteRealApplicationTests  : No active profile set, falling back to 1 default profile: "default"
2024-05-01T15:12:53.104-06:00  INFO 19952 --- [           main] .s.d.r.c.RepositoryConfigurationDelegate : Bootstrapping Spring Data JPA repositories in DEFAULT mode.
2024-05-01T15:12:53.198-06:00  INFO 19952 --- [           main] .s.d.r.c.RepositoryConfigurationDelegate : Finished Spring Data repository scanning in 81 ms. Found 1 JPA repository interface.
2024-05-01T15:12:53.847-06:00  INFO 19952 --- [           main] com.zaxxer.hikari.HikariDataSource       : HikariPool-1 - Starting...
2024-05-01T15:12:54.450-06:00  INFO 19952 --- [           main] com.zaxxer.hikari.pool.HikariPool        : HikariPool-1 - Added connection org.postgresql.jdbc.PgConnection@23ed382c
2024-05-01T15:12:54.459-06:00  INFO 19952 --- [           main] com.zaxxer.hikari.HikariDataSource       : HikariPool-1 - Start completed.
2024-05-01T15:12:54.604-06:00  INFO 19952 --- [           main] o.hibernate.jpa.internal.util.LogHelper  : HHH000204: Processing PersistenceUnitInfo [name: default]
2024-05-01T15:12:54.711-06:00  INFO 19952 --- [           main] org.hibernate.Version                    : HHH000412: Hibernate ORM core version 6.2.24.Final
2024-05-01T15:12:54.718-06:00  INFO 19952 --- [           main] org.hibernate.cfg.Environment            : HHH000406: Using bytecode reflection optimizer
2024-05-01T15:12:55.457-06:00  INFO 19952 --- [           main] o.s.o.j.p.SpringPersistenceUnitInfo      : No LoadTimeWeaver setup: ignoring JPA class transformer
2024-05-01T15:12:55.591-06:00  WARN 19952 --- [           main] org.hibernate.orm.deprecation            : HHH90000025: PostgreSQLDialect does not need to be specified explicitly using 'hibernate.dialect' (remove the property setting and it will be selected by default)
2024-05-01T15:12:56.941-06:00  INFO 19952 --- [           main] o.h.e.t.j.p.i.JtaPlatformInitiator       : HHH000489: No JTA platform available (set 'hibernate.transaction.jta.platform' to enable JTA platform integration)
2024-05-01T15:12:56.941-06:00  INFO 19952 --- [           main] j.LocalContainerEntityManagerFactoryBean : Initialized JPA EntityManagerFactory for persistence unit 'default'
2024-05-01T15:12:57.656-06:00  WARN 19952 --- [           main] JpaBaseConfiguration$JpaWebConfiguration : spring.jpa.open-in-view is enabled by default. Therefore, database queries may be performed during view rendering. Explicitly configure spring.jpa.open-in-view to disable this warning
2024-05-01T15:12:58.343-06:00  INFO 19952 --- [           main] c.e.pastereal.PasteRealApplicationTests  : Started PasteRealApplicationTests in 6.739 seconds (process running for 8.323)
]]></system-out>
  </testcase>
</testsuite>